<?xml version="1.0" encoding="UTF-8"?>
<!-- Generated by org.testng.reporters.JUnitXMLReporter -->
<testsuite ignored="2" hostname="DESKTOP-P0DJ7MS" failures="0" tests="2" name="Test2" time="1.496" errors="0" timestamp="2022-01-18T18:51:22 IST">
  <testcase classname="com.crm.comcast.sdet28.GenericUtility.BaseClass" name="@BeforeClass configBc" time="0.701">
    <failure type="java.lang.IllegalStateException" message="The path to the driver executable must be set by the webdriver.gecko.driver system property; for more information, see https://github.com/mozilla/geckodriver. The latest version can be downloaded from https://github.com/mozilla/geckodriver/releases">
      <![CDATA[java.lang.IllegalStateException: The path to the driver executable must be set by the webdriver.gecko.driver system property; for more information, see https://github.com/mozilla/geckodriver. The latest version can be downloaded from https://github.com/mozilla/geckodriver/releases
at com.google.common.base.Preconditions.checkState(Preconditions.java:847)
at org.openqa.selenium.remote.service.DriverService.findExecutable(DriverService.java:134)
at org.openqa.selenium.firefox.GeckoDriverService.access$100(GeckoDriverService.java:44)
at org.openqa.selenium.firefox.GeckoDriverService$Builder.findDefaultExecutable(GeckoDriverService.java:167)
at org.openqa.selenium.remote.service.DriverService$Builder.build(DriverService.java:355)
at org.openqa.selenium.firefox.FirefoxDriver.toExecutor(FirefoxDriver.java:190)
at org.openqa.selenium.firefox.FirefoxDriver.<init>(FirefoxDriver.java:147)
at org.openqa.selenium.firefox.FirefoxDriver.<init>(FirefoxDriver.java:125)
at com.crm.comcast.sdet28.GenericUtility.BaseClass.configBc(BaseClass.java:51)
at java.base/java.util.ArrayList.forEach(ArrayList.java:1511)
at java.base/java.util.concurrent.FutureTask.run(FutureTask.java:264)
at java.base/java.util.concurrent.ThreadPoolExecutor.runWorker(ThreadPoolExecutor.java:1136)
at java.base/java.util.concurrent.ThreadPoolExecutor$Worker.run(ThreadPoolExecutor.java:635)
at java.base/java.lang.Thread.run(Thread.java:833)
... Removed 16 stack frames]]>
    </failure>
  </testcase> <!-- @BeforeClass configBc -->
  <testcase classname="com.crm.comcast.sdet28.GenericUtility.BaseClass" name="@BeforeMethod configBm" time="-1.642512081546E9">
    <skipped/>
  </testcase> <!-- @BeforeMethod configBm -->
  <testcase classname="com.crm.comcast.sdet28.GenericUtility.BaseClass" name="@AfterMethod configAm" time="-1.642512081596E9">
    <skipped/>
  </testcase> <!-- @AfterMethod configAm -->
  <testcase classname="com.crm.comcast.sdet28.GenericUtility.BaseClass" name="@AfterClass configAc" time="-1.64251208164E9">
    <skipped/>
  </testcase> <!-- @AfterClass configAc -->
  <testcase classname="com.crm.comcast.sdet28.GenericUtility.BaseClass" name="@BeforeClass configBc" time="0.135">
    <failure type="java.lang.IllegalStateException" message="The path to the driver executable must be set by the webdriver.gecko.driver system property; for more information, see https://github.com/mozilla/geckodriver. The latest version can be downloaded from https://github.com/mozilla/geckodriver/releases">
      <![CDATA[java.lang.IllegalStateException: The path to the driver executable must be set by the webdriver.gecko.driver system property; for more information, see https://github.com/mozilla/geckodriver. The latest version can be downloaded from https://github.com/mozilla/geckodriver/releases
at com.google.common.base.Preconditions.checkState(Preconditions.java:847)
at org.openqa.selenium.remote.service.DriverService.findExecutable(DriverService.java:134)
at org.openqa.selenium.firefox.GeckoDriverService.access$100(GeckoDriverService.java:44)
at org.openqa.selenium.firefox.GeckoDriverService$Builder.findDefaultExecutable(GeckoDriverService.java:167)
at org.openqa.selenium.remote.service.DriverService$Builder.build(DriverService.java:355)
at org.openqa.selenium.firefox.FirefoxDriver.toExecutor(FirefoxDriver.java:190)
at org.openqa.selenium.firefox.FirefoxDriver.<init>(FirefoxDriver.java:147)
at org.openqa.selenium.firefox.FirefoxDriver.<init>(FirefoxDriver.java:125)
at com.crm.comcast.sdet28.GenericUtility.BaseClass.configBc(BaseClass.java:51)
at java.base/java.util.ArrayList.forEach(ArrayList.java:1511)
at java.base/java.util.concurrent.FutureTask.run(FutureTask.java:264)
at java.base/java.util.concurrent.ThreadPoolExecutor.runWorker(ThreadPoolExecutor.java:1136)
at java.base/java.util.concurrent.ThreadPoolExecutor$Worker.run(ThreadPoolExecutor.java:635)
at java.base/java.lang.Thread.run(Thread.java:833)
... Removed 16 stack frames]]>
    </failure>
  </testcase> <!-- @BeforeClass configBc -->
  <testcase classname="com.crm.comcast.sdet28.GenericUtility.BaseClass" name="@BeforeMethod configBm" time="-1.642512081871E9">
    <skipped/>
  </testcase> <!-- @BeforeMethod configBm -->
  <testcase classname="com.crm.comcast.sdet28.GenericUtility.BaseClass" name="@AfterMethod configAm" time="-1.642512081967E9">
    <skipped/>
  </testcase> <!-- @AfterMethod configAm -->
  <testcase classname="com.crm.comcast.sdet28.GenericUtility.BaseClass" name="@AfterClass configAc" time="-1.642512081982E9">
    <skipped/>
  </testcase> <!-- @AfterClass configAc -->
  <testcase classname="Testng.CreatePurchaseOrderTest" name="createPuchaseOrderFram" time="0.001">
    <skipped/>
  </testcase> <!-- createPuchaseOrderFram -->
  <testcase classname="Testng.CreatePurchaseOrderFramTest" name="createPuchaseOrderFram" time="0.0">
    <skipped/>
  </testcase> <!-- createPuchaseOrderFram -->
  <testcase classname="com.crm.comcast.sdet28.GenericUtility.BaseClass" name="@BeforeSuite confidBs" time="0.0">
    <ignored/>
  </testcase> <!-- @BeforeSuite confidBs -->
  <testcase classname="com.crm.comcast.sdet28.GenericUtility.BaseClass" name="@AfterSuite configAs" time="0.0">
    <ignored/>
  </testcase> <!-- @AfterSuite configAs -->
</testsuite> <!-- Test2 -->
