<?xml version="1.0" encoding="UTF-8"?>
<testng-results ignored="0" total="1" passed="1" failed="0" skipped="0">
  <reporter-output>
  </reporter-output>
  <suite started-at="2022-01-20T15:08:04 IST" name="Default suite" finished-at="2022-01-20T15:13:55 IST" duration-ms="351275">
    <groups>
      <group name="regression">
        <method signature="CreatePurchaseOrderFramTest.createPuchaseOrderFram()[pri:0, instance:Testng.CreatePurchaseOrderFramTest@25084a1e]" name="createPuchaseOrderFram" class="Testng.CreatePurchaseOrderFramTest"/>
      </group> <!-- regression -->
    </groups>
    <test started-at="2022-01-20T15:08:04 IST" name="Default test" finished-at="2022-01-20T15:13:55 IST" duration-ms="351275">
      <class name="Testng.CreatePurchaseOrderFramTest">
        <test-method is-config="true" signature="confidBs()[pri:0, instance:Testng.CreatePurchaseOrderFramTest@25084a1e]" started-at="2022-01-20T15:08:04 IST" name="confidBs" finished-at="2022-01-20T15:08:04 IST" duration-ms="34" status="PASS">
          <reporter-output>
          </reporter-output>
        </test-method> <!-- confidBs -->
        <test-method is-config="true" signature="configBc()[pri:0, instance:Testng.CreatePurchaseOrderFramTest@25084a1e]" started-at="2022-01-20T15:08:04 IST" name="configBc" finished-at="2022-01-20T15:09:18 IST" duration-ms="73790" status="PASS">
          <reporter-output>
          </reporter-output>
        </test-method> <!-- configBc -->
        <test-method is-config="true" signature="configBm()[pri:0, instance:Testng.CreatePurchaseOrderFramTest@25084a1e]" started-at="2022-01-20T15:09:18 IST" name="configBm" finished-at="2022-01-20T15:10:34 IST" duration-ms="75949" status="PASS">
          <reporter-output>
          </reporter-output>
        </test-method> <!-- configBm -->
        <test-method signature="createPuchaseOrderFram()[pri:0, instance:Testng.CreatePurchaseOrderFramTest@25084a1e]" started-at="2022-01-20T15:10:34 IST" name="createPuchaseOrderFram" finished-at="2022-01-20T15:13:41 IST" duration-ms="186778" status="PASS">
          <reporter-output>
          </reporter-output>
        </test-method> <!-- createPuchaseOrderFram -->
        <test-method is-config="true" signature="configAm()[pri:0, instance:Testng.CreatePurchaseOrderFramTest@25084a1e]" started-at="2022-01-20T15:13:41 IST" name="configAm" finished-at="2022-01-20T15:13:53 IST" duration-ms="12705" status="PASS">
          <reporter-output>
          </reporter-output>
        </test-method> <!-- configAm -->
        <test-method is-config="true" signature="configAc()[pri:0, instance:Testng.CreatePurchaseOrderFramTest@25084a1e]" started-at="2022-01-20T15:13:53 IST" name="configAc" finished-at="2022-01-20T15:13:55 IST" duration-ms="1890" status="PASS">
          <reporter-output>
          </reporter-output>
        </test-method> <!-- configAc -->
        <test-method is-config="true" signature="configAs()[pri:0, instance:Testng.CreatePurchaseOrderFramTest@25084a1e]" started-at="2022-01-20T15:13:56 IST" name="configAs" finished-at="2022-01-20T15:13:56 IST" duration-ms="1" status="PASS">
          <reporter-output>
          </reporter-output>
        </test-method> <!-- configAs -->
      </class> <!-- Testng.CreatePurchaseOrderFramTest -->
    </test> <!-- Default test -->
  </suite> <!-- Default suite -->
</testng-results>
