<?xml version="1.0" encoding="UTF-8"?>
<testng-results ignored="0" total="1" passed="1" failed="0" skipped="0">
  <reporter-output>
  </reporter-output>
  <suite started-at="2022-01-19T20:47:18 IST" name="Default suite" finished-at="2022-01-19T20:49:13 IST" duration-ms="114496">
    <groups>
      <group name="smoke">
        <method signature="CreatePurchaseOrderTest.createPuchaseOrderFram()[pri:0, instance:Testng.CreatePurchaseOrderTest@156b88f5]" name="createPuchaseOrderFram" class="Testng.CreatePurchaseOrderTest"/>
      </group> <!-- smoke -->
    </groups>
    <test started-at="2022-01-19T20:47:18 IST" name="Default test" finished-at="2022-01-19T20:49:13 IST" duration-ms="114496">
      <class name="Testng.CreatePurchaseOrderTest">
        <test-method is-config="true" signature="confidBs()[pri:0, instance:Testng.CreatePurchaseOrderTest@156b88f5]" started-at="2022-01-19T20:47:18 IST" name="confidBs" finished-at="2022-01-19T20:47:18 IST" duration-ms="24" status="PASS">
          <reporter-output>
          </reporter-output>
        </test-method> <!-- confidBs -->
        <test-method is-config="true" signature="configBc()[pri:0, instance:Testng.CreatePurchaseOrderTest@156b88f5]" started-at="2022-01-19T20:47:18 IST" name="configBc" finished-at="2022-01-19T20:47:31 IST" duration-ms="12129" status="PASS">
          <reporter-output>
          </reporter-output>
        </test-method> <!-- configBc -->
        <test-method is-config="true" signature="configBm()[pri:0, instance:Testng.CreatePurchaseOrderTest@156b88f5]" started-at="2022-01-19T20:47:31 IST" name="configBm" finished-at="2022-01-19T20:47:51 IST" duration-ms="19967" status="PASS">
          <reporter-output>
          </reporter-output>
        </test-method> <!-- configBm -->
        <test-method signature="createPuchaseOrderFram()[pri:0, instance:Testng.CreatePurchaseOrderTest@156b88f5]" started-at="2022-01-19T20:47:51 IST" name="createPuchaseOrderFram" finished-at="2022-01-19T20:49:09 IST" duration-ms="78349" status="PASS">
          <reporter-output>
          </reporter-output>
        </test-method> <!-- createPuchaseOrderFram -->
        <test-method is-config="true" signature="configAm()[pri:0, instance:Testng.CreatePurchaseOrderTest@156b88f5]" started-at="2022-01-19T20:49:09 IST" name="configAm" finished-at="2022-01-19T20:49:12 IST" duration-ms="3360" status="PASS">
          <reporter-output>
          </reporter-output>
        </test-method> <!-- configAm -->
        <test-method is-config="true" signature="configAc()[pri:0, instance:Testng.CreatePurchaseOrderTest@156b88f5]" started-at="2022-01-19T20:49:12 IST" name="configAc" finished-at="2022-01-19T20:49:13 IST" duration-ms="533" status="PASS">
          <reporter-output>
          </reporter-output>
        </test-method> <!-- configAc -->
        <test-method is-config="true" signature="configAs()[pri:0, instance:Testng.CreatePurchaseOrderTest@156b88f5]" started-at="2022-01-19T20:49:13 IST" name="configAs" finished-at="2022-01-19T20:49:13 IST" duration-ms="1" status="PASS">
          <reporter-output>
          </reporter-output>
        </test-method> <!-- configAs -->
      </class> <!-- Testng.CreatePurchaseOrderTest -->
    </test> <!-- Default test -->
  </suite> <!-- Default suite -->
</testng-results>
